<?xml version="1.0" encoding="utf-8" standalone="no"?>
<test-results xmlns:xsi="http://www.w3.org/2001/XMLSchema-instance" xsi:noNamespaceSchemaLocation="nunit_schema_2.5.xsd" name="Pester" total="485" errors="0" failures="1" not-run="20" inconclusive="0" ignored="0" skipped="4" invalid="0" date="2023-09-10" time="15:37:33">
  <environment clr-version="4.0.30319.42000" user-domain="BATTLESTATION" cwd="C:\Celerium\Projects\_API\Datto-PowerShellWrapper" platform="Microsoft Windows 11 Pro|C:\WINDOWS|\Device\Harddisk0\Partition3" machine-name="BATTLESTATION" nunit-version="2.5.8.0" os-version="10.0.22621" user="David" />
  <culture-info current-culture="en-US" current-uiculture="en-US" />
  <test-suite type="TestFixture" name="Pester" executed="True" result="Failure" success="False" time="9.4814" asserts="0" description="Pester">
    <results>
      <test-suite type="TestFixture" name="C:\Celerium\Projects\_API\Datto-PowerShellWrapper\Tests\DattoAPI.Tests.ps1" executed="True" result="Success" success="True" time="0.2121" asserts="0" description="C:\Celerium\Projects\_API\Datto-PowerShellWrapper\Tests\DattoAPI.Tests.ps1">
        <results>
          <test-suite type="TestFixture" name="Testing the [ built ] version of [ DattoAPI ] with [ DattoAPI.Tests.ps1 ]" executed="True" result="Success" success="True" time="0.1076" asserts="0" description="Testing the [ built ] version of [ DattoAPI ] with [ DattoAPI.Tests.ps1 ]">
            <results>
              <test-suite type="TestFixture" name="Testing the [ built ] version of [ DattoAPI ] with [ DattoAPI.Tests.ps1 ].[ DattoAPI.psd1 ] general manifest data" executed="True" result="Success" success="True" time="0.0807" asserts="0" description="Testing the [ built ] version of [ DattoAPI ] with [ DattoAPI.Tests.ps1 ].[ DattoAPI.psd1 ] general manifest data">
                <results>
                  <test-case description="Manifest [ RootModule ] has valid data" name="Testing the [ built ] version of [ DattoAPI ] with [ DattoAPI.Tests.ps1 ].[ DattoAPI.psd1 ] general manifest data.Manifest [ RootModule ] has valid data" time="0.0039" asserts="0" success="True" result="Success" executed="True" />
                  <test-case description="Manifest [ ModuleVersion ] has valid data" name="Testing the [ built ] version of [ DattoAPI ] with [ DattoAPI.Tests.ps1 ].[ DattoAPI.psd1 ] general manifest data.Manifest [ ModuleVersion ] has valid data" time="0.0039" asserts="0" success="True" result="Success" executed="True" />
                  <test-case description="Manifest [ GUID ] has valid data" name="Testing the [ built ] version of [ DattoAPI ] with [ DattoAPI.Tests.ps1 ].[ DattoAPI.psd1 ] general manifest data.Manifest [ GUID ] has valid data" time="0.0042" asserts="0" success="True" result="Success" executed="True" />
                  <test-case description="Manifest [ Author ] has valid data" name="Testing the [ built ] version of [ DattoAPI ] with [ DattoAPI.Tests.ps1 ].[ DattoAPI.psd1 ] general manifest data.Manifest [ Author ] has valid data" time="0.0029" asserts="0" success="True" result="Success" executed="True" />
                  <test-case description="Manifest [ CompanyName ] has valid data" name="Testing the [ built ] version of [ DattoAPI ] with [ DattoAPI.Tests.ps1 ].[ DattoAPI.psd1 ] general manifest data.Manifest [ CompanyName ] has valid data" time="0.003" asserts="0" success="True" result="Success" executed="True" />
                  <test-case description="Manifest [ Copyright ] has valid data" name="Testing the [ built ] version of [ DattoAPI ] with [ DattoAPI.Tests.ps1 ].[ DattoAPI.psd1 ] general manifest data.Manifest [ Copyright ] has valid data" time="0.0037" asserts="0" success="True" result="Success" executed="True" />
                  <test-case description="Manifest [ Description ] is not empty" name="Testing the [ built ] version of [ DattoAPI ] with [ DattoAPI.Tests.ps1 ].[ DattoAPI.psd1 ] general manifest data.Manifest [ Description ] is not empty" time="0.0039" asserts="0" success="True" result="Success" executed="True" />
                  <test-case description="Manifest [ PowerShellVersion ] has valid data" name="Testing the [ built ] version of [ DattoAPI ] with [ DattoAPI.Tests.ps1 ].[ DattoAPI.psd1 ] general manifest data.Manifest [ PowerShellVersion ] has valid data" time="0.0028" asserts="0" success="True" result="Success" executed="True" />
                  <test-case description="Manifest [ NestedModules ] has valid data" name="Testing the [ built ] version of [ DattoAPI ] with [ DattoAPI.Tests.ps1 ].[ DattoAPI.psd1 ] general manifest data.Manifest [ NestedModules ] has valid data" time="0.0108" asserts="0" success="True" result="Success" executed="True" />
                  <test-case description="Manifest [ FunctionsToExport ] has valid data" name="Testing the [ built ] version of [ DattoAPI ] with [ DattoAPI.Tests.ps1 ].[ DattoAPI.psd1 ] general manifest data.Manifest [ FunctionsToExport ] has valid data" time="0.0044" asserts="0" success="True" result="Success" executed="True" />
                  <test-case description="Manifest [ CmdletsToExport ] is empty" name="Testing the [ built ] version of [ DattoAPI ] with [ DattoAPI.Tests.ps1 ].[ DattoAPI.psd1 ] general manifest data.Manifest [ CmdletsToExport ] is empty" time="0.0041" asserts="0" success="True" result="Success" executed="True" />
                  <test-case description="Manifest [ VariablesToExport ] is empty" name="Testing the [ built ] version of [ DattoAPI ] with [ DattoAPI.Tests.ps1 ].[ DattoAPI.psd1 ] general manifest data.Manifest [ VariablesToExport ] is empty" time="0.0043" asserts="0" success="True" result="Success" executed="True" />
                  <test-case description="Manifest [ AliasesToExport ] has alias" name="Testing the [ built ] version of [ DattoAPI ] with [ DattoAPI.Tests.ps1 ].[ DattoAPI.psd1 ] general manifest data.Manifest [ AliasesToExport ] has alias" time="0.0046" asserts="0" success="True" result="Success" executed="True" />
                  <test-case description="Manifest [ Tags ] has valid data" name="Testing the [ built ] version of [ DattoAPI ] with [ DattoAPI.Tests.ps1 ].[ DattoAPI.psd1 ] general manifest data.Manifest [ Tags ] has valid data" time="0.0039" asserts="0" success="True" result="Success" executed="True" />
                  <test-case description="Manifest [ LicenseUri ] has valid data" name="Testing the [ built ] version of [ DattoAPI ] with [ DattoAPI.Tests.ps1 ].[ DattoAPI.psd1 ] general manifest data.Manifest [ LicenseUri ] has valid data" time="0.0033" asserts="0" success="True" result="Success" executed="True" />
                  <test-case description="Manifest [ ProjectUri ] has valid data" name="Testing the [ built ] version of [ DattoAPI ] with [ DattoAPI.Tests.ps1 ].[ DattoAPI.psd1 ] general manifest data.Manifest [ ProjectUri ] has valid data" time="0.0029" asserts="0" success="True" result="Success" executed="True" />
                  <test-case description="Manifest [ IconUri ] has valid data" name="Testing the [ built ] version of [ DattoAPI ] with [ DattoAPI.Tests.ps1 ].[ DattoAPI.psd1 ] general manifest data.Manifest [ IconUri ] has valid data" time="0.0031" asserts="0" success="True" result="Success" executed="True" />
                  <test-case description="Manifest [ ReleaseNotes ] has valid data" name="Testing the [ built ] version of [ DattoAPI ] with [ DattoAPI.Tests.ps1 ].[ DattoAPI.psd1 ] general manifest data.Manifest [ ReleaseNotes ] has valid data" time="0.0031" asserts="0" success="True" result="Success" executed="True" />
                  <test-case description="Manifest [ HelpInfoUri ] is not empty" name="Testing the [ built ] version of [ DattoAPI ] with [ DattoAPI.Tests.ps1 ].[ DattoAPI.psd1 ] general manifest data.Manifest [ HelpInfoUri ] is not empty" time="0.0028" asserts="0" success="True" result="Success" executed="True" />
                </results>
              </test-suite>
              <test-suite type="TestFixture" name="Testing the [ built ] version of [ DattoAPI ] with [ DattoAPI.Tests.ps1 ].[ DattoAPI.psd1 ] module import test" executed="True" result="Success" success="True" time="0.1039" asserts="0" description="Testing the [ built ] version of [ DattoAPI ] with [ DattoAPI.Tests.ps1 ].[ DattoAPI.psd1 ] module import test">
                <results>
                  <test-case description="Module contains only PowerShell files" name="Testing the [ built ] version of [ DattoAPI ] with [ DattoAPI.Tests.ps1 ].[ DattoAPI.psd1 ] module import test.Module contains only PowerShell files" time="0.0057" asserts="0" success="True" result="Success" executed="True" />
                  <test-case description="Module files exist" name="Testing the [ built ] version of [ DattoAPI ] with [ DattoAPI.Tests.ps1 ].[ DattoAPI.psd1 ] module import test.Module files exist" time="0.0041" asserts="0" success="True" result="Success" executed="True" />
                  <test-case description="Should pass Test-ModuleManifest" name="Testing the [ built ] version of [ DattoAPI ] with [ DattoAPI.Tests.ps1 ].[ DattoAPI.psd1 ] module import test.Should pass Test-ModuleManifest" time="0.0051" asserts="0" success="True" result="Success" executed="True" />
                  <test-case description="Should import successfully" name="Testing the [ built ] version of [ DattoAPI ] with [ DattoAPI.Tests.ps1 ].[ DattoAPI.psd1 ] module import test.Should import successfully" time="0.0042" asserts="0" success="True" result="Success" executed="True" />
                </results>
              </test-suite>
            </results>
          </test-suite>
        </results>
      </test-suite>
      <test-suite type="TestFixture" name="C:\Celerium\Projects\_API\Datto-PowerShellWrapper\Tests\HelpComment.Tests.ps1" executed="True" result="Ignored" success="True" time="2.6525" asserts="0" description="C:\Celerium\Projects\_API\Datto-PowerShellWrapper\Tests\HelpComment.Tests.ps1">
        <results>
          <test-suite type="TestFixture" name="Testing the [ built ] version of [ DattoAPI ] with [ HelpComment.Tests.ps1 ]" executed="True" result="Ignored" success="True" time="1.0528" asserts="0" description="Testing the [ built ] version of [ DattoAPI ] with [ HelpComment.Tests.ps1 ]">
            <results>
              <test-suite type="TestFixture" name="Testing the [ built ] version of [ DattoAPI ] with [ HelpComment.Tests.ps1 ].[ DattoAPI ] module help tests" executed="True" result="Success" success="True" time="0.0388" asserts="0" description="Testing the [ built ] version of [ DattoAPI ] with [ HelpComment.Tests.ps1 ].[ DattoAPI ] module help tests">
                <results>
                  <test-suite type="TestFixture" name="Testing the [ built ] version of [ DattoAPI ] with [ HelpComment.Tests.ps1 ].[ DattoAPI ] module help tests.[ Add-DattoAPIKey ]" executed="True" result="Success" success="True" time="0.035" asserts="0" description="Testing the [ built ] version of [ DattoAPI ] with [ HelpComment.Tests.ps1 ].[ DattoAPI ] module help tests.[ Add-DattoAPIKey ]">
                    <results>
                      <test-case description="[ Add-DattoAPIKey ] contains comment based help" name="Testing the [ built ] version of [ DattoAPI ] with [ HelpComment.Tests.ps1 ].[ DattoAPI ] module help tests.[ Add-DattoAPIKey ].[ Add-DattoAPIKey ] contains comment based help" time="0.0028" asserts="0" success="True" result="Success" executed="True" />
                      <test-case description="[ Add-DattoAPIKey ] contains a synopsis" name="Testing the [ built ] version of [ DattoAPI ] with [ HelpComment.Tests.ps1 ].[ DattoAPI ] module help tests.[ Add-DattoAPIKey ].[ Add-DattoAPIKey ] contains a synopsis" time="0.0024" asserts="0" success="True" result="Success" executed="True" />
                      <test-case description="[ Add-DattoAPIKey ] contains a description" name="Testing the [ built ] version of [ DattoAPI ] with [ HelpComment.Tests.ps1 ].[ DattoAPI ] module help tests.[ Add-DattoAPIKey ].[ Add-DattoAPIKey ] contains a description" time="0.0024" asserts="0" success="True" result="Success" executed="True" />
                      <test-case description="[ Add-DattoAPIKey ] contains at least one usage example" name="Testing the [ built ] version of [ DattoAPI ] with [ HelpComment.Tests.ps1 ].[ DattoAPI ] module help tests.[ Add-DattoAPIKey ].[ Add-DattoAPIKey ] contains at least one usage example" time="0.0033" asserts="0" success="True" result="Success" executed="True" />
                      <test-case description="[ Add-DattoAPIKey ] contains a note" name="Testing the [ built ] version of [ DattoAPI ] with [ HelpComment.Tests.ps1 ].[ DattoAPI ] module help tests.[ Add-DattoAPIKey ].[ Add-DattoAPIKey ] contains a note" time="0.0025" asserts="0" success="True" result="Success" executed="True" />
                      <test-case description="[ Add-DattoAPIKey ] contains a link" name="Testing the [ built ] version of [ DattoAPI ] with [ HelpComment.Tests.ps1 ].[ DattoAPI ] module help tests.[ Add-DattoAPIKey ].[ Add-DattoAPIKey ] contains a link" time="0.0024" asserts="0" success="True" result="Success" executed="True" />
                      <test-suite type="ParameterizedTest" name="Testing the [ built ] version of [ DattoAPI ] with [ HelpComment.Tests.ps1 ].[ DattoAPI ] module help tests.[ Add-DattoAPIKey ].[ Add-DattoAPIKey ] - Parameter has a description - [ &lt;_.name&gt; ]" executed="True" result="Success" success="True" time="0.0049" asserts="0" description="[ Add-DattoAPIKey ] - Parameter has a description - [ &lt;_.name&gt; ]">
                        <results>
                          <test-case description="[ Add-DattoAPIKey ] - Parameter has a description - [ Api_Key_Public ]" name="Testing the [ built ] version of [ DattoAPI ] with [ HelpComment.Tests.ps1 ].[ DattoAPI ] module help tests.[ Add-DattoAPIKey ].[ Add-DattoAPIKey ] - Parameter has a description - [ Api_Key_Public ]" time="0.0025" asserts="0" success="True" result="Success" executed="True" />
                          <test-case description="[ Add-DattoAPIKey ] - Parameter has a description - [ Api_Key_Secret ]" name="Testing the [ built ] version of [ DattoAPI ] with [ HelpComment.Tests.ps1 ].[ DattoAPI ] module help tests.[ Add-DattoAPIKey ].[ Add-DattoAPIKey ] - Parameter has a description - [ Api_Key_Secret ]" time="0.0024" asserts="0" success="True" result="Success" executed="True" />
                        </results>
                      </test-suite>
                      <test-suite type="ParameterizedTest" name="Testing the [ built ] version of [ DattoAPI ] with [ HelpComment.Tests.ps1 ].[ DattoAPI ] module help tests.[ Add-DattoAPIKey ].[ Add-DattoAPIKey ] - Example has example code &amp; description   - [ &lt;_.title -replace '-'.''&gt; ]" executed="True" result="Success" success="True" time="0.0094" asserts="0" description="[ Add-DattoAPIKey ] - Example has example code &amp; description   - [ &lt;_.title -replace '-'.''&gt; ]">
                        <results>
                          <test-case description="[ Add-DattoAPIKey ] - Example has example code &amp; description   - [  EXAMPLE 1  ]" name="Testing the [ built ] version of [ DattoAPI ] with [ HelpComment.Tests.ps1 ].[ DattoAPI ] module help tests.[ Add-DattoAPIKey ].[ Add-DattoAPIKey ] - Example has example code &amp; description   - [  EXAMPLE 1  ]" time="0.0031" asserts="0" success="True" result="Success" executed="True" />
                          <test-case description="[ Add-DattoAPIKey ] - Example has example code &amp; description   - [  EXAMPLE 2  ]" name="Testing the [ built ] version of [ DattoAPI ] with [ HelpComment.Tests.ps1 ].[ DattoAPI ] module help tests.[ Add-DattoAPIKey ].[ Add-DattoAPIKey ] - Example has example code &amp; description   - [  EXAMPLE 2  ]" time="0.0032" asserts="0" success="True" result="Success" executed="True" />
                          <test-case description="[ Add-DattoAPIKey ] - Example has example code &amp; description   - [  EXAMPLE 3  ]" name="Testing the [ built ] version of [ DattoAPI ] with [ HelpComment.Tests.ps1 ].[ DattoAPI ] module help tests.[ Add-DattoAPIKey ].[ Add-DattoAPIKey ] - Example has example code &amp; description   - [  EXAMPLE 3  ]" time="0.0032" asserts="0" success="True" result="Success" executed="True" />
                        </results>
                      </test-suite>
                    </results>
                  </test-suite>
                </results>
              </test-suite>
              <test-suite type="TestFixture" name="Testing the [ built ] version of [ DattoAPI ] with [ HelpComment.Tests.ps1 ].[ DattoAPI ] module help tests" executed="True" result="Success" success="True" time="0.0899" asserts="0" description="Testing the [ built ] version of [ DattoAPI ] with [ HelpComment.Tests.ps1 ].[ DattoAPI ] module help tests">
                <results>
                  <test-suite type="TestFixture" name="Testing the [ built ] version of [ DattoAPI ] with [ HelpComment.Tests.ps1 ].[ DattoAPI ] module help tests.[ Add-DattoBaseURI ]" executed="True" result="Success" success="True" time="0.0475" asserts="0" description="Testing the [ built ] version of [ DattoAPI ] with [ HelpComment.Tests.ps1 ].[ DattoAPI ] module help tests.[ Add-DattoBaseURI ]">
                    <results>
                      <test-case description="[ Add-DattoBaseURI ] contains comment based help" name="Testing the [ built ] version of [ DattoAPI ] with [ HelpComment.Tests.ps1 ].[ DattoAPI ] module help tests.[ Add-DattoBaseURI ].[ Add-DattoBaseURI ] contains comment based help" time="0.0027" asserts="0" success="True" result="Success" executed="True" />
                      <test-case description="[ Add-DattoBaseURI ] contains a synopsis" name="Testing the [ built ] version of [ DattoAPI ] with [ HelpComment.Tests.ps1 ].[ DattoAPI ] module help tests.[ Add-DattoBaseURI ].[ Add-DattoBaseURI ] contains a synopsis" time="0.0026" asserts="0" success="True" result="Success" executed="True" />
                      <test-case description="[ Add-DattoBaseURI ] contains a description" name="Testing the [ built ] version of [ DattoAPI ] with [ HelpComment.Tests.ps1 ].[ DattoAPI ] module help tests.[ Add-DattoBaseURI ].[ Add-DattoBaseURI ] contains a description" time="0.0024" asserts="0" success="True" result="Success" executed="True" />
                      <test-case description="[ Add-DattoBaseURI ] contains at least one usage example" name="Testing the [ built ] version of [ DattoAPI ] with [ HelpComment.Tests.ps1 ].[ DattoAPI ] module help tests.[ Add-DattoBaseURI ].[ Add-DattoBaseURI ] contains at least one usage example" time="0.0029" asserts="0" success="True" result="Success" executed="True" />
                      <test-case description="[ Add-DattoBaseURI ] contains a note" name="Testing the [ built ] version of [ DattoAPI ] with [ HelpComment.Tests.ps1 ].[ DattoAPI ] module help tests.[ Add-DattoBaseURI ].[ Add-DattoBaseURI ] contains a note" time="0.0023" asserts="0" success="True" result="Success" executed="True" />
                      <test-case description="[ Add-DattoBaseURI ] contains a link" name="Testing the [ built ] version of [ DattoAPI ] with [ HelpComment.Tests.ps1 ].[ DattoAPI ] module help tests.[ Add-DattoBaseURI ].[ Add-DattoBaseURI ] contains a link" time="0.0023" asserts="0" success="True" result="Success" executed="True" />
                      <test-suite type="ParameterizedTest" name="Testing the [ built ] version of [ DattoAPI ] with [ HelpComment.Tests.ps1 ].[ DattoAPI ] module help tests.[ Add-DattoBaseURI ].[ Add-DattoBaseURI ] - Parameter has a description - [ &lt;_.name&gt; ]" executed="True" result="Success" success="True" time="0.0054" asserts="0" description="[ Add-DattoBaseURI ] - Parameter has a description - [ &lt;_.name&gt; ]">
                        <results>
                          <test-case description="[ Add-DattoBaseURI ] - Parameter has a description - [ base_uri ]" name="Testing the [ built ] version of [ DattoAPI ] with [ HelpComment.Tests.ps1 ].[ DattoAPI ] module help tests.[ Add-DattoBaseURI ].[ Add-DattoBaseURI ] - Parameter has a description - [ base_uri ]" time="0.0024" asserts="0" success="True" result="Success" executed="True" />
                          <test-case description="[ Add-DattoBaseURI ] - Parameter has a description - [ data_center ]" name="Testing the [ built ] version of [ DattoAPI ] with [ HelpComment.Tests.ps1 ].[ DattoAPI ] module help tests.[ Add-DattoBaseURI ].[ Add-DattoBaseURI ] - Parameter has a description - [ data_center ]" time="0.003" asserts="0" success="True" result="Success" executed="True" />
                        </results>
                      </test-suite>
                      <test-suite type="ParameterizedTest" name="Testing the [ built ] version of [ DattoAPI ] with [ HelpComment.Tests.ps1 ].[ DattoAPI ] module help tests.[ Add-DattoBaseURI ].[ Add-DattoBaseURI ] - Example has example code &amp; description   - [ &lt;_.title -replace '-'.''&gt; ]" executed="True" result="Success" success="True" time="0.0223" asserts="0" description="[ Add-DattoBaseURI ] - Example has example code &amp; description   - [ &lt;_.title -replace '-'.''&gt; ]">
                        <results>
                          <test-case description="[ Add-DattoBaseURI ] - Example has example code &amp; description   - [  EXAMPLE 1  ]" name="Testing the [ built ] version of [ DattoAPI ] with [ HelpComment.Tests.ps1 ].[ DattoAPI ] module help tests.[ Add-DattoBaseURI ].[ Add-DattoBaseURI ] - Example has example code &amp; description   - [  EXAMPLE 1  ]" time="0.003" asserts="0" success="True" result="Success" executed="True" />
                          <test-case description="[ Add-DattoBaseURI ] - Example has example code &amp; description   - [  EXAMPLE 2  ]" name="Testing the [ built ] version of [ DattoAPI ] with [ HelpComment.Tests.ps1 ].[ DattoAPI ] module help tests.[ Add-DattoBaseURI ].[ Add-DattoBaseURI ] - Example has example code &amp; description   - [  EXAMPLE 2  ]" time="0.0165" asserts="0" success="True" result="Success" executed="True" />
                          <test-case description="[ Add-DattoBaseURI ] - Example has example code &amp; description   - [  EXAMPLE 3  ]" name="Testing the [ built ] version of [ DattoAPI ] with [ HelpComment.Tests.ps1 ].[ DattoAPI ] module help tests.[ Add-DattoBaseURI ].[ Add-DattoBaseURI ] - Example has example code &amp; description   - [  EXAMPLE 3  ]" time="0.0027" asserts="0" success="True" result="Success" executed="True" />
                        </results>
                      </test-suite>
                    </results>
                  </test-suite>
                </results>
              </test-suite>
              <test-suite type="TestFixture" name="Testing the [ built ] version of [ DattoAPI ] with [ HelpComment.Tests.ps1 ].[ DattoAPI ] module help tests" executed="True" result="Success" success="True" time="0.1182" asserts="0" description="Testing the [ built ] version of [ DattoAPI ] with [ HelpComment.Tests.ps1 ].[ DattoAPI ] module help tests">
                <results>
                  <test-suite type="TestFixture" name="Testing the [ built ] version of [ DattoAPI ] with [ HelpComment.Tests.ps1 ].[ DattoAPI ] module help tests.[ ConvertTo-DattoQueryString ]" executed="True" result="Success" success="True" time="0.025" asserts="0" description="Testing the [ built ] version of [ DattoAPI ] with [ HelpComment.Tests.ps1 ].[ DattoAPI ] module help tests.[ ConvertTo-DattoQueryString ]">
                    <results>
                      <test-case description="[ ConvertTo-DattoQueryString ] contains comment based help" name="Testing the [ built ] version of [ DattoAPI ] with [ HelpComment.Tests.ps1 ].[ DattoAPI ] module help tests.[ ConvertTo-DattoQueryString ].[ ConvertTo-DattoQueryString ] contains comment based help" time="0.0024" asserts="0" success="True" result="Success" executed="True" />
                      <test-case description="[ ConvertTo-DattoQueryString ] contains a synopsis" name="Testing the [ built ] version of [ DattoAPI ] with [ HelpComment.Tests.ps1 ].[ DattoAPI ] module help tests.[ ConvertTo-DattoQueryString ].[ ConvertTo-DattoQueryString ] contains a synopsis" time="0.0021" asserts="0" success="True" result="Success" executed="True" />
                      <test-case description="[ ConvertTo-DattoQueryString ] contains a description" name="Testing the [ built ] version of [ DattoAPI ] with [ HelpComment.Tests.ps1 ].[ DattoAPI ] module help tests.[ ConvertTo-DattoQueryString ].[ ConvertTo-DattoQueryString ] contains a description" time="0.0021" asserts="0" success="True" result="Success" executed="True" />
                      <test-case description="[ ConvertTo-DattoQueryString ] contains at least one usage example" name="Testing the [ built ] version of [ DattoAPI ] with [ HelpComment.Tests.ps1 ].[ DattoAPI ] module help tests.[ ConvertTo-DattoQueryString ].[ ConvertTo-DattoQueryString ] contains at least one usage example" time="0.0026" asserts="0" success="True" result="Success" executed="True" />
                      <test-case description="[ ConvertTo-DattoQueryString ] contains a note" name="Testing the [ built ] version of [ DattoAPI ] with [ HelpComment.Tests.ps1 ].[ DattoAPI ] module help tests.[ ConvertTo-DattoQueryString ].[ ConvertTo-DattoQueryString ] contains a note" time="0.0021" asserts="0" success="True" result="Success" executed="True" />
                      <test-case description="[ ConvertTo-DattoQueryString ] contains a link" name="Testing the [ built ] version of [ DattoAPI ] with [ HelpComment.Tests.ps1 ].[ DattoAPI ] module help tests.[ ConvertTo-DattoQueryString ].[ ConvertTo-DattoQueryString ] contains a link" time="0.0021" asserts="0" success="True" result="Success" executed="True" />
                      <test-suite type="ParameterizedTest" name="Testing the [ built ] version of [ DattoAPI ] with [ HelpComment.Tests.ps1 ].[ DattoAPI ] module help tests.[ ConvertTo-DattoQueryString ].[ ConvertTo-DattoQueryString ] - Parameter has a description - [ &lt;_.name&gt; ]" executed="True" result="Success" success="True" time="0.0045" asserts="0" description="[ ConvertTo-DattoQueryString ] - Parameter has a description - [ &lt;_.name&gt; ]">
                        <results>
                          <test-case description="[ ConvertTo-DattoQueryString ] - Parameter has a description - [ uri_Filter ]" name="Testing the [ built ] version of [ DattoAPI ] with [ HelpComment.Tests.ps1 ].[ DattoAPI ] module help tests.[ ConvertTo-DattoQueryString ].[ ConvertTo-DattoQueryString ] - Parameter has a description - [ uri_Filter ]" time="0.0023" asserts="0" success="True" result="Success" executed="True" />
                          <test-case description="[ ConvertTo-DattoQueryString ] - Parameter has a description - [ resource_Uri ]" name="Testing the [ built ] version of [ DattoAPI ] with [ HelpComment.Tests.ps1 ].[ DattoAPI ] module help tests.[ ConvertTo-DattoQueryString ].[ ConvertTo-DattoQueryString ] - Parameter has a description - [ resource_Uri ]" time="0.0023" asserts="0" success="True" result="Success" executed="True" />
                        </results>
                      </test-suite>
                      <test-suite type="ParameterizedTest" name="Testing the [ built ] version of [ DattoAPI ] with [ HelpComment.Tests.ps1 ].[ DattoAPI ] module help tests.[ ConvertTo-DattoQueryString ].[ ConvertTo-DattoQueryString ] - Example has example code &amp; description   - [ &lt;_.title -replace '-'.''&gt; ]" executed="True" result="Success" success="True" time="0.0027" asserts="0" description="[ ConvertTo-DattoQueryString ] - Example has example code &amp; description   - [ &lt;_.title -replace '-'.''&gt; ]">
                        <results>
                          <test-case description="[ ConvertTo-DattoQueryString ] - Example has example code &amp; description   - [  EXAMPLE 1  ]" name="Testing the [ built ] version of [ DattoAPI ] with [ HelpComment.Tests.ps1 ].[ DattoAPI ] module help tests.[ ConvertTo-DattoQueryString ].[ ConvertTo-DattoQueryString ] - Example has example code &amp; description   - [  EXAMPLE 1  ]" time="0.0027" asserts="0" success="True" result="Success" executed="True" />
                        </results>
                      </test-suite>
                    </results>
                  </test-suite>
                </results>
              </test-suite>
              <test-suite type="TestFixture" name="Testing the [ built ] version of [ DattoAPI ] with [ HelpComment.Tests.ps1 ].[ DattoAPI ] module help tests" executed="True" result="Success" success="True" time="0.1533" asserts="0" description="Testing the [ built ] version of [ DattoAPI ] with [ HelpComment.Tests.ps1 ].[ DattoAPI ] module help tests">
                <results>
                  <test-suite type="TestFixture" name="Testing the [ built ] version of [ DattoAPI ] with [ HelpComment.Tests.ps1 ].[ DattoAPI ] module help tests.[ Export-DattoModuleSettings ]" executed="True" result="Success" success="True" time="0.0315" asserts="0" description="Testing the [ built ] version of [ DattoAPI ] with [ HelpComment.Tests.ps1 ].[ DattoAPI ] module help tests.[ Export-DattoModuleSettings ]">
                    <results>
                      <test-case description="[ Export-DattoModuleSettings ] contains comment based help" name="Testing the [ built ] version of [ DattoAPI ] with [ HelpComment.Tests.ps1 ].[ DattoAPI ] module help tests.[ Export-DattoModuleSettings ].[ Export-DattoModuleSettings ] contains comment based help" time="0.0024" asserts="0" success="True" result="Success" executed="True" />
                      <test-case description="[ Export-DattoModuleSettings ] contains a synopsis" name="Testing the [ built ] version of [ DattoAPI ] with [ HelpComment.Tests.ps1 ].[ DattoAPI ] module help tests.[ Export-DattoModuleSettings ].[ Export-DattoModuleSettings ] contains a synopsis" time="0.0021" asserts="0" success="True" result="Success" executed="True" />
                      <test-case description="[ Export-DattoModuleSettings ] contains a description" name="Testing the [ built ] version of [ DattoAPI ] with [ HelpComment.Tests.ps1 ].[ DattoAPI ] module help tests.[ Export-DattoModuleSettings ].[ Export-DattoModuleSettings ] contains a description" time="0.0021" asserts="0" success="True" result="Success" executed="True" />
                      <test-case description="[ Export-DattoModuleSettings ] contains at least one usage example" name="Testing the [ built ] version of [ DattoAPI ] with [ HelpComment.Tests.ps1 ].[ DattoAPI ] module help tests.[ Export-DattoModuleSettings ].[ Export-DattoModuleSettings ] contains at least one usage example" time="0.0026" asserts="0" success="True" result="Success" executed="True" />
                      <test-case description="[ Export-DattoModuleSettings ] contains a note" name="Testing the [ built ] version of [ DattoAPI ] with [ HelpComment.Tests.ps1 ].[ DattoAPI ] module help tests.[ Export-DattoModuleSettings ].[ Export-DattoModuleSettings ] contains a note" time="0.0021" asserts="0" success="True" result="Success" executed="True" />
                      <test-case description="[ Export-DattoModuleSettings ] contains a link" name="Testing the [ built ] version of [ DattoAPI ] with [ HelpComment.Tests.ps1 ].[ DattoAPI ] module help tests.[ Export-DattoModuleSettings ].[ Export-DattoModuleSettings ] contains a link" time="0.0021" asserts="0" success="True" result="Success" executed="True" />
                      <test-suite type="ParameterizedTest" name="Testing the [ built ] version of [ DattoAPI ] with [ HelpComment.Tests.ps1 ].[ DattoAPI ] module help tests.[ Export-DattoModuleSettings ].[ Export-DattoModuleSettings ] - Parameter has a description - [ &lt;_.name&gt; ]" executed="True" result="Success" success="True" time="0.0044" asserts="0" description="[ Export-DattoModuleSettings ] - Parameter has a description - [ &lt;_.name&gt; ]">
                        <results>
                          <test-case description="[ Export-DattoModuleSettings ] - Parameter has a description - [ DattoConfPath ]" name="Testing the [ built ] version of [ DattoAPI ] with [ HelpComment.Tests.ps1 ].[ DattoAPI ] module help tests.[ Export-DattoModuleSettings ].[ Export-DattoModuleSettings ] - Parameter has a description - [ DattoConfPath ]" time="0.0022" asserts="0" success="True" result="Success" executed="True" />
                          <test-case description="[ Export-DattoModuleSettings ] - Parameter has a description - [ DattoConfFile ]" name="Testing the [ built ] version of [ DattoAPI ] with [ HelpComment.Tests.ps1 ].[ DattoAPI ] module help tests.[ Export-DattoModuleSettings ].[ Export-DattoModuleSettings ] - Parameter has a description - [ DattoConfFile ]" time="0.0022" asserts="0" success="True" result="Success" executed="True" />
                        </results>
                      </test-suite>
                      <test-suite type="ParameterizedTest" name="Testing the [ built ] version of [ DattoAPI ] with [ HelpComment.Tests.ps1 ].[ DattoAPI ] module help tests.[ Export-DattoModuleSettings ].[ Export-DattoModuleSettings ] - Example has example code &amp; description   - [ &lt;_.title -replace '-'.''&gt; ]" executed="True" result="Success" success="True" time="0.0055" asserts="0" description="[ Export-DattoModuleSettings ] - Example has example code &amp; description   - [ &lt;_.title -replace '-'.''&gt; ]">
                        <results>
                          <test-case description="[ Export-DattoModuleSettings ] - Example has example code &amp; description   - [  EXAMPLE 1  ]" name="Testing the [ built ] version of [ DattoAPI ] with [ HelpComment.Tests.ps1 ].[ DattoAPI ] module help tests.[ Export-DattoModuleSettings ].[ Export-DattoModuleSettings ] - Example has example code &amp; description   - [  EXAMPLE 1  ]" time="0.0027" asserts="0" success="True" result="Success" executed="True" />
                          <test-case description="[ Export-DattoModuleSettings ] - Example has example code &amp; description   - [  EXAMPLE 2  ]" name="Testing the [ built ] version of [ DattoAPI ] with [ HelpComment.Tests.ps1 ].[ DattoAPI ] module help tests.[ Export-DattoModuleSettings ].[ Export-DattoModuleSettings ] - Example has example code &amp; description   - [  EXAMPLE 2  ]" time="0.0028" asserts="0" success="True" result="Success" executed="True" />
                        </results>
                      </test-suite>
                    </results>
                  </test-suite>
                </results>
              </test-suite>
              <test-suite type="TestFixture" name="Testing the [ built ] version of [ DattoAPI ] with [ HelpComment.Tests.ps1 ].[ DattoAPI ] module help tests" executed="True" result="Success" success="True" time="0.2195" asserts="0" description="Testing the [ built ] version of [ DattoAPI ] with [ HelpComment.Tests.ps1 ].[ DattoAPI ] module help tests">
                <results>
                  <test-suite type="TestFixture" name="Testing the [ built ] version of [ DattoAPI ] with [ HelpComment.Tests.ps1 ].[ DattoAPI ] module help tests.[ Get-DattoActivityLog ]" executed="True" result="Success" success="True" time="0.0628" asserts="0" description="Testing the [ built ] version of [ DattoAPI ] with [ HelpComment.Tests.ps1 ].[ DattoAPI ] module help tests.[ Get-DattoActivityLog ]">
                    <results>
                      <test-case description="[ Get-DattoActivityLog ] contains comment based help" name="Testing the [ built ] version of [ DattoAPI ] with [ HelpComment.Tests.ps1 ].[ DattoAPI ] module help tests.[ Get-DattoActivityLog ].[ Get-DattoActivityLog ] contains comment based help" time="0.0025" asserts="0" success="True" result="Success" executed="True" />
                      <test-case description="[ Get-DattoActivityLog ] contains a synopsis" name="Testing the [ built ] version of [ DattoAPI ] with [ HelpComment.Tests.ps1 ].[ DattoAPI ] module help tests.[ Get-DattoActivityLog ].[ Get-DattoActivityLog ] contains a synopsis" time="0.0022" asserts="0" success="True" result="Success" executed="True" />
                      <test-case description="[ Get-DattoActivityLog ] contains a description" name="Testing the [ built ] version of [ DattoAPI ] with [ HelpComment.Tests.ps1 ].[ DattoAPI ] module help tests.[ Get-DattoActivityLog ].[ Get-DattoActivityLog ] contains a description" time="0.0021" asserts="0" success="True" result="Success" executed="True" />
                      <test-case description="[ Get-DattoActivityLog ] contains at least one usage example" name="Testing the [ built ] version of [ DattoAPI ] with [ HelpComment.Tests.ps1 ].[ DattoAPI ] module help tests.[ Get-DattoActivityLog ].[ Get-DattoActivityLog ] contains at least one usage example" time="0.0027" asserts="0" success="True" result="Success" executed="True" />
                      <test-case description="[ Get-DattoActivityLog ] contains a note" name="Testing the [ built ] version of [ DattoAPI ] with [ HelpComment.Tests.ps1 ].[ DattoAPI ] module help tests.[ Get-DattoActivityLog ].[ Get-DattoActivityLog ] contains a note" time="0.0022" asserts="0" success="True" result="Success" executed="True" />
                      <test-case description="[ Get-DattoActivityLog ] contains a link" name="Testing the [ built ] version of [ DattoAPI ] with [ HelpComment.Tests.ps1 ].[ DattoAPI ] module help tests.[ Get-DattoActivityLog ].[ Get-DattoActivityLog ] contains a link" time="0.0021" asserts="0" success="True" result="Success" executed="True" />
                      <test-suite type="ParameterizedTest" name="Testing the [ built ] version of [ DattoAPI ] with [ HelpComment.Tests.ps1 ].[ DattoAPI ] module help tests.[ Get-DattoActivityLog ].[ Get-DattoActivityLog ] - Parameter has a description - [ &lt;_.name&gt; ]" executed="True" result="Success" success="True" time="0.0202" asserts="0" description="[ Get-DattoActivityLog ] - Parameter has a description - [ &lt;_.name&gt; ]">
                        <results>
                          <test-case description="[ Get-DattoActivityLog ] - Parameter has a description - [ clientName ]" name="Testing the [ built ] version of [ DattoAPI ] with [ HelpComment.Tests.ps1 ].[ DattoAPI ] module help tests.[ Get-DattoActivityLog ].[ Get-DattoActivityLog ] - Parameter has a description - [ clientName ]" time="0.0022" asserts="0" success="True" result="Success" executed="True" />
                          <test-case description="[ Get-DattoActivityLog ] - Parameter has a description - [ since ]" name="Testing the [ built ] version of [ DattoAPI ] with [ HelpComment.Tests.ps1 ].[ DattoAPI ] module help tests.[ Get-DattoActivityLog ].[ Get-DattoActivityLog ] - Parameter has a description - [ since ]" time="0.0022" asserts="0" success="True" result="Success" executed="True" />
                          <test-case description="[ Get-DattoActivityLog ] - Parameter has a description - [ sinceUnits ]" name="Testing the [ built ] version of [ DattoAPI ] with [ HelpComment.Tests.ps1 ].[ DattoAPI ] module help tests.[ Get-DattoActivityLog ].[ Get-DattoActivityLog ] - Parameter has a description - [ sinceUnits ]" time="0.0026" asserts="0" success="True" result="Success" executed="True" />
                          <test-case description="[ Get-DattoActivityLog ] - Parameter has a description - [ target ]" name="Testing the [ built ] version of [ DattoAPI ] with [ HelpComment.Tests.ps1 ].[ DattoAPI ] module help tests.[ Get-DattoActivityLog ].[ Get-DattoActivityLog ] - Parameter has a description - [ target ]" time="0.0023" asserts="0" success="True" result="Success" executed="True" />
                          <test-case description="[ Get-DattoActivityLog ] - Parameter has a description - [ targetType ]" name="Testing the [ built ] version of [ DattoAPI ] with [ HelpComment.Tests.ps1 ].[ DattoAPI ] module help tests.[ Get-DattoActivityLog ].[ Get-DattoActivityLog ] - Parameter has a description - [ targetType ]" time="0.0022" asserts="0" success="True" result="Success" executed="True" />
                          <test-case description="[ Get-DattoActivityLog ] - Parameter has a description - [ user ]" name="Testing the [ built ] version of [ DattoAPI ] with [ HelpComment.Tests.ps1 ].[ DattoAPI ] module help tests.[ Get-DattoActivityLog ].[ Get-DattoActivityLog ] - Parameter has a description - [ user ]" time="0.0022" asserts="0" success="True" result="Success" executed="True" />
                          <test-case description="[ Get-DattoActivityLog ] - Parameter has a description - [ page ]" name="Testing the [ built ] version of [ DattoAPI ] with [ HelpComment.Tests.ps1 ].[ DattoAPI ] module help tests.[ Get-DattoActivityLog ].[ Get-DattoActivityLog ] - Parameter has a description - [ page ]" time="0.0022" asserts="0" success="True" result="Success" executed="True" />
                          <test-case description="[ Get-DattoActivityLog ] - Parameter has a description - [ perPage ]" name="Testing the [ built ] version of [ DattoAPI ] with [ HelpComment.Tests.ps1 ].[ DattoAPI ] module help tests.[ Get-DattoActivityLog ].[ Get-DattoActivityLog ] - Parameter has a description - [ perPage ]" time="0.0022" asserts="0" success="True" result="Success" executed="True" />
                          <test-case description="[ Get-DattoActivityLog ] - Parameter has a description - [ allPages ]" name="Testing the [ built ] version of [ DattoAPI ] with [ HelpComment.Tests.ps1 ].[ DattoAPI ] module help tests.[ Get-DattoActivityLog ].[ Get-DattoActivityLog ] - Parameter has a description - [ allPages ]" time="0.0022" asserts="0" success="True" result="Success" executed="True" />
                        </results>
                      </test-suite>
                      <test-suite type="ParameterizedTest" name="Testing the [ built ] version of [ DattoAPI ] with [ HelpComment.Tests.ps1 ].[ DattoAPI ] module help tests.[ Get-DattoActivityLog ].[ Get-DattoActivityLog ] - Example has example code &amp; description   - [ &lt;_.title -replace '-'.''&gt; ]" executed="True" result="Success" success="True" time="0.0176" asserts="0" description="[ Get-DattoActivityLog ] - Example has example code &amp; description   - [ &lt;_.title -replace '-'.''&gt; ]">
                        <results>
                          <test-case description="[ Get-DattoActivityLog ] - Example has example code &amp; description   - [  EXAMPLE 1  ]" name="Testing the [ built ] version of [ DattoAPI ] with [ HelpComment.Tests.ps1 ].[ DattoAPI ] module help tests.[ Get-DattoActivityLog ].[ Get-DattoActivityLog ] - Example has example code &amp; description   - [  EXAMPLE 1  ]" time="0.0029" asserts="0" success="True" result="Success" executed="True" />
                          <test-case description="[ Get-DattoActivityLog ] - Example has example code &amp; description   - [  EXAMPLE 2  ]" name="Testing the [ built ] version of [ DattoAPI ] with [ HelpComment.Tests.ps1 ].[ DattoAPI ] module help tests.[ Get-DattoActivityLog ].[ Get-DattoActivityLog ] - Example has example code &amp; description   - [  EXAMPLE 2  ]" time="0.0027" asserts="0" success="True" result="Success" executed="True" />
                          <test-case description="[ Get-DattoActivityLog ] - Example has example code &amp; description   - [  EXAMPLE 3  ]" name="Testing the [ built ] version of [ DattoAPI ] with [ HelpComment.Tests.ps1 ].[ DattoAPI ] module help tests.[ Get-DattoActivityLog ].[ Get-DattoActivityLog ] - Example has example code &amp; description   - [  EXAMPLE 3  ]" time="0.0027" asserts="0" success="True" result="Success" executed="True" />
                          <test-case description="[ Get-DattoActivityLog ] - Example has example code &amp; description   - [  EXAMPLE 4  ]" name="Testing the [ built ] version of [ DattoAPI ] with [ HelpComment.Tests.ps1 ].[ DattoAPI ] module help tests.[ Get-DattoActivityLog ].[ Get-DattoActivityLog ] - Example has example code &amp; description   - [  EXAMPLE 4  ]" time="0.0065" asserts="0" success="True" result="Success" executed="True" />
                          <test-case description="[ Get-DattoActivityLog ] - Example has example code &amp; description   - [  EXAMPLE 5  ]" name="Testing the [ built ] version of [ DattoAPI ] with [ HelpComment.Tests.ps1 ].[ DattoAPI ] module help tests.[ Get-DattoActivityLog ].[ Get-DattoActivityLog ] - Example has example code &amp; description   - [  EXAMPLE 5  ]" time="0.0028" asserts="0" success="True" result="Success" executed="True" />
                        </results>
                      </test-suite>
                    </results>
                  </test-suite>
                </results>
              </test-suite>
              <test-suite type="TestFixture" name="Testing the [ built ] version of [ DattoAPI ] with [ HelpComment.Tests.ps1 ].[ DattoAPI ] module help tests" executed="True" result="Success" success="True" time="0.2617" asserts="0" description="Testing the [ built ] version of [ DattoAPI ] with [ HelpComment.Tests.ps1 ].[ DattoAPI ] module help tests">
                <results>
                  <test-suite type="TestFixture" name="Testing the [ built ] version of [ DattoAPI ] with [ HelpComment.Tests.ps1 ].[ DattoAPI ] module help tests.[ Get-DattoAgent ]" executed="True" result="Success" success="True" time="0.0386" asserts="0" description="Testing the [ built ] version of [ DattoAPI ] with [ HelpComment.Tests.ps1 ].[ DattoAPI ] module help tests.[ Get-DattoAgent ]">
                    <results>
                      <test-case description="[ Get-DattoAgent ] contains comment based help" name="Testing the [ built ] version of [ DattoAPI ] with [ HelpComment.Tests.ps1 ].[ DattoAPI ] module help tests.[ Get-DattoAgent ].[ Get-DattoAgent ] contains comment based help" time="0.0023" asserts="0" success="True" result="Success" executed="True" />
                      <test-case description="[ Get-DattoAgent ] contains a synopsis" name="Testing the [ built ] version of [ DattoAPI ] with [ HelpComment.Tests.ps1 ].[ DattoAPI ] module help tests.[ Get-DattoAgent ].[ Get-DattoAgent ] contains a synopsis" time="0.0021" asserts="0" success="True" result="Success" executed="True" />
                      <test-case description="[ Get-DattoAgent ] contains a description" name="Testing the [ built ] version of [ DattoAPI ] with [ HelpComment.Tests.ps1 ].[ DattoAPI ] module help tests.[ Get-DattoAgent ].[ Get-DattoAgent ] contains a description" time="0.0021" asserts="0" success="True" result="Success" executed="True" />
                      <test-case description="[ Get-DattoAgent ] contains at least one usage example" name="Testing the [ built ] version of [ DattoAPI ] with [ HelpComment.Tests.ps1 ].[ DattoAPI ] module help tests.[ Get-DattoAgent ].[ Get-DattoAgent ] contains at least one usage example" time="0.0027" asserts="0" success="True" result="Success" executed="True" />
                      <test-case description="[ Get-DattoAgent ] contains a note" name="Testing the [ built ] version of [ DattoAPI ] with [ HelpComment.Tests.ps1 ].[ DattoAPI ] module help tests.[ Get-DattoAgent ].[ Get-DattoAgent ] contains a note" time="0.0021" asserts="0" success="True" result="Success" executed="True" />
                      <test-case description="[ Get-DattoAgent ] contains a link" name="Testing the [ built ] version of [ DattoAPI ] with [ HelpComment.Tests.ps1 ].[ DattoAPI ] module help tests.[ Get-DattoAgent ].[ Get-DattoAgent ] contains a link" time="0.0058" asserts="0" success="True" result="Success" executed="True" />
                      <test-suite type="ParameterizedTest" name="Testing the [ built ] version of [ DattoAPI ] with [ HelpComment.Tests.ps1 ].[ DattoAPI ] module help tests.[ Get-DattoAgent ].[ Get-DattoAgent ] - Parameter has a description - [ &lt;_.name&gt; ]" executed="True" result="Success" success="True" time="0.009" asserts="0" description="[ Get-DattoAgent ] - Parameter has a description - [ &lt;_.name&gt; ]">
                        <results>
                          <test-case description="[ Get-DattoAgent ] - Parameter has a description - [ serialNumber ]" name="Testing the [ built ] version of [ DattoAPI ] with [ HelpComment.Tests.ps1 ].[ DattoAPI ] module help tests.[ Get-DattoAgent ].[ Get-DattoAgent ] - Parameter has a description - [ serialNumber ]" time="0.0022" asserts="0" success="True" result="Success" executed="True" />
                          <test-case description="[ Get-DattoAgent ] - Parameter has a description - [ page ]" name="Testing the [ built ] version of [ DattoAPI ] with [ HelpComment.Tests.ps1 ].[ DattoAPI ] module help tests.[ Get-DattoAgent ].[ Get-DattoAgent ] - Parameter has a description - [ page ]" time="0.0022" asserts="0" success="True" result="Success" executed="True" />
                          <test-case description="[ Get-DattoAgent ] - Parameter has a description - [ perPage ]" name="Testing the [ built ] version of [ DattoAPI ] with [ HelpComment.Tests.ps1 ].[ DattoAPI ] module help tests.[ Get-DattoAgent ].[ Get-DattoAgent ] - Parameter has a description - [ perPage ]" time="0.0023" asserts="0" success="True" result="Success" executed="True" />
                          <test-case description="[ Get-DattoAgent ] - Parameter has a description - [ allPages ]" name="Testing the [ built ] version of [ DattoAPI ] with [ HelpComment.Tests.ps1 ].[ DattoAPI ] module help tests.[ Get-DattoAgent ].[ Get-DattoAgent ] - Parameter has a description - [ allPages ]" time="0.0022" asserts="0" success="True" result="Success" executed="True" />
                        </results>
                      </test-suite>
                      <test-suite type="ParameterizedTest" name="Testing the [ built ] version of [ DattoAPI ] with [ HelpComment.Tests.ps1 ].[ DattoAPI ] module help tests.[ Get-DattoAgent ].[ Get-DattoAgent ] - Example has example code &amp; description   - [ &lt;_.title -replace '-'.''&gt; ]" executed="True" result="Success" success="True" time="0.0081" asserts="0" description="[ Get-DattoAgent ] - Example has example code &amp; description   - [ &lt;_.title -replace '-'.''&gt; ]">
                        <results>
                          <test-case description="[ Get-DattoAgent ] - Example has example code &amp; description   - [  EXAMPLE 1  ]" name="Testing the [ built ] version of [ DattoAPI ] with [ HelpComment.Tests.ps1 ].[ DattoAPI ] module help tests.[ Get-DattoAgent ].[ Get-DattoAgent ] - Example has example code &amp; description   - [  EXAMPLE 1  ]" time="0.0027" asserts="0" success="True" result="Success" executed="True" />
                          <test-case description="[ Get-DattoAgent ] - Example has example code &amp; description   - [  EXAMPLE 2  ]" name="Testing the [ built ] version of [ DattoAPI ] with [ HelpComment.Tests.ps1 ].[ DattoAPI ] module help tests.[ Get-DattoAgent ].[ Get-DattoAgent ] - Example has example code &amp; description   - [  EXAMPLE 2  ]" time="0.0027" asserts="0" success="True" result="Success" executed="True" />
                          <test-case description="[ Get-DattoAgent ] - Example has example code &amp; description   - [  EXAMPLE 3  ]" name="Testing the [ built ] version of [ DattoAPI ] with [ HelpComment.Tests.ps1 ].[ DattoAPI ] module help tests.[ Get-DattoAgent ].[ Get-DattoAgent ] - Example has example code &amp; description   - [  EXAMPLE 3  ]" time="0.0027" asserts="0" success="True" result="Success" executed="True" />
                        </results>
                      </test-suite>
                    </results>
                  </test-suite>
                </results>
              </test-suite>
              <test-suite type="TestFixture" name="Testing the [ built ] version of [ DattoAPI ] with [ HelpComment.Tests.ps1 ].[ DattoAPI ] module help tests" executed="True" result="Success" success="True" time="0.3048" asserts="0" description="Testing the [ built ] version of [ DattoAPI ] with [ HelpComment.Tests.ps1 ].[ DattoAPI ] module help tests">
                <results>
                  <test-suite type="TestFixture" name="Testing the [ built ] version of [ DattoAPI ] with [ HelpComment.Tests.ps1 ].[ DattoAPI ] module help tests.[ Get-DattoAlert ]" executed="True" result="Success" success="True" time="0.0397" asserts="0" description="Testing the [ built ] version of [ DattoAPI ] with [ HelpComment.Tests.ps1 ].[ DattoAPI ] module help tests.[ Get-DattoAlert ]">
                    <results>
                      <test-case description="[ Get-DattoAlert ] contains comment based help" name="Testing the [ built ] version of [ DattoAPI ] with [ HelpComment.Tests.ps1 ].[ DattoAPI ] module help tests.[ Get-DattoAlert ].[ Get-DattoAlert ] contains comment based help" time="0.0025" asserts="0" success="True" result="Success" executed="True" />
                      <test-case description="[ Get-DattoAlert ] contains a synopsis" name="Testing the [ built ] version of [ DattoAPI ] with [ HelpComment.Tests.ps1 ].[ DattoAPI ] module help tests.[ Get-DattoAlert ].[ Get-DattoAlert ] contains a synopsis" time="0.0021" asserts="0" success="True" result="Success" executed="True" />
                      <test-case description="[ Get-DattoAlert ] contains a description" name="Testing the [ built ] version of [ DattoAPI ] with [ HelpComment.Tests.ps1 ].[ DattoAPI ] module help tests.[ Get-DattoAlert ].[ Get-DattoAlert ] contains a description" time="0.0021" asserts="0" success="True" result="Success" executed="True" />
                      <test-case description="[ Get-DattoAlert ] contains at least one usage example" name="Testing the [ built ] version of [ DattoAPI ] with [ HelpComment.Tests.ps1 ].[ DattoAPI ] module help tests.[ Get-DattoAlert ].[ Get-DattoAlert ] contains at least one usage example" time="0.0027" asserts="0" success="True" result="Success" executed="True" />
                      <test-case description="[ Get-DattoAlert ] contains a note" name="Testing the [ built ] version of [ DattoAPI ] with [ HelpComment.Tests.ps1 ].[ DattoAPI ] module help tests.[ Get-DattoAlert ].[ Get-DattoAlert ] contains a note" time="0.0021" asserts="0" success="True" result="Success" executed="True" />
                      <test-case description="[ Get-DattoAlert ] contains a link" name="Testing the [ built ] version of [ DattoAPI ] with [ HelpComment.Tests.ps1 ].[ DattoAPI ] module help tests.[ Get-DattoAlert ].[ Get-DattoAlert ] contains a link" time="0.0021" asserts="0" success="True" result="Success" executed="True" />
                      <test-suite type="ParameterizedTest" name="Testing the [ built ] version of [ DattoAPI ] with [ HelpComment.Tests.ps1 ].[ DattoAPI ] module help tests.[ Get-DattoAlert ].[ Get-DattoAlert ] - Parameter has a description - [ &lt;_.name&gt; ]" executed="True" result="Success" success="True" time="0.0088" asserts="0" description="[ Get-DattoAlert ] - Parameter has a description - [ &lt;_.name&gt; ]">
                        <results>
                          <test-case description="[ Get-DattoAlert ] - Parameter has a description - [ serialNumber ]" name="Testing the [ built ] version of [ DattoAPI ] with [ HelpComment.Tests.ps1 ].[ DattoAPI ] module help tests.[ Get-DattoAlert ].[ Get-DattoAlert ] - Parameter has a description - [ serialNumber ]" time="0.0022" asserts="0" success="True" result="Success" executed="True" />
                          <test-case description="[ Get-DattoAlert ] - Parameter has a description - [ page ]" name="Testing the [ built ] version of [ DattoAPI ] with [ HelpComment.Tests.ps1 ].[ DattoAPI ] module help tests.[ Get-DattoAlert ].[ Get-DattoAlert ] - Parameter has a description - [ page ]" time="0.0022" asserts="0" success="True" result="Success" executed="True" />
                          <test-case description="[ Get-DattoAlert ] - Parameter has a description - [ perPage ]" name="Testing the [ built ] version of [ DattoAPI ] with [ HelpComment.Tests.ps1 ].[ DattoAPI ] module help tests.[ Get-DattoAlert ].[ Get-DattoAlert ] - Parameter has a description - [ perPage ]" time="0.0022" asserts="0" success="True" result="Success" executed="True" />
                          <test-case description="[ Get-DattoAlert ] - Parameter has a description - [ allPages ]" name="Testing the [ built ] version of [ DattoAPI ] with [ HelpComment.Tests.ps1 ].[ DattoAPI ] module help tests.[ Get-DattoAlert ].[ Get-DattoAlert ] - Parameter has a description - [ allPages ]" time="0.0022" asserts="0" success="True" result="Success" executed="True" />
                        </results>
                      </test-suite>
                      <test-suite type="ParameterizedTest" name="Testing the [ built ] version of [ DattoAPI ] with [ HelpComment.Tests.ps1 ].[ DattoAPI ] module help tests.[ Get-DattoAlert ].[ Get-DattoAlert ] - Example has example code &amp; description   - [ &lt;_.title -replace '-'.''&gt; ]" executed="True" result="Success" success="True" time="0.0098" asserts="0" description="[ Get-DattoAlert ] - Example has example code &amp; description   - [ &lt;_.title -replace '-'.''&gt; ]">
                        <results>
                          <test-case description="[ Get-DattoAlert ] - Example has example code &amp; description   - [  EXAMPLE 1  ]" name="Testing the [ built ] version of [ DattoAPI ] with [ HelpComment.Tests.ps1 ].[ DattoAPI ] module help tests.[ Get-DattoAlert ].[ Get-DattoAlert ] - Example has example code &amp; description   - [  EXAMPLE 1  ]" time="0.007" asserts="0" success="True" result="Success" executed="True" />
                          <test-case description="[ Get-DattoAlert ] - Example has example code &amp; description   - [  EXAMPLE 2  ]" name="Testing the [ built ] version of [ DattoAPI ] with [ HelpComment.Tests.ps1 ].[ DattoAPI ] module help tests.[ Get-DattoAlert ].[ Get-DattoAlert ] - Example has example code &amp; description   - [  EXAMPLE 2  ]" time="0.0028" asserts="0" success="True" result="Success" executed="True" />
                        </results>
                      </test-suite>
                    </results>
                  </test-suite>
                </results>
              </test-suite>
              <test-suite type="TestFixture" name="Testing the [ built ] version of [ DattoAPI ] with [ HelpComment.Tests.ps1 ].[ DattoAPI ] module help tests" executed="True" result="Success" success="True" time="0.3373" asserts="0" description="Testing the [ built ] version of [ DattoAPI ] with [ HelpComment.Tests.ps1 ].[ DattoAPI ] module help tests">
                <results>
                  <test-suite type="TestFixture" name="Testing the [ built ] version of [ DattoAPI ] with [ HelpComment.Tests.ps1 ].[ DattoAPI ] module help tests.[ Get-DattoAPIKey ]" executed="True" result="Success" success="True" time="0.0292" asserts="0" description="Testing the [ built ] version of [ DattoAPI ] with [ HelpComment.Tests.ps1 ].[ DattoAPI ] module help tests.[ Get-DattoAPIKey ]">
                    <results>
                      <test-case description="[ Get-DattoAPIKey ] contains comment based help" name="Testing the [ built ] version of [ DattoAPI ] with [ HelpComment.Tests.ps1 ].[ DattoAPI ] module help tests.[ Get-DattoAPIKey ].[ Get-DattoAPIKey ] contains comment based help" time="0.0023" asserts="0" success="True" result="Success" executed="True" />
                      <test-case description="[ Get-DattoAPIKey ] contains a synopsis" name="Testing the [ built ] version of [ DattoAPI ] with [ HelpComment.Tests.ps1 ].[ DattoAPI ] module help tests.[ Get-DattoAPIKey ].[ Get-DattoAPIKey ] contains a synopsis" time="0.0022" asserts="0" success="True" result="Success" executed="True" />
                      <test-case description="[ Get-DattoAPIKey ] contains a description" name="Testing the [ built ] version of [ DattoAPI ] with [ HelpComment.Tests.ps1 ].[ DattoAPI ] module help tests.[ Get-DattoAPIKey ].[ Get-DattoAPIKey ] contains a description" time="0.0021" asserts="0" success="True" result="Success" executed="True" />
                      <test-case description="[ Get-DattoAPIKey ] contains at least one usage example" name="Testing the [ built ] version of [ DattoAPI ] with [ HelpComment.Tests.ps1 ].[ DattoAPI ] module help tests.[ Get-DattoAPIKey ].[ Get-DattoAPIKey ] contains at least one usage example" time="0.0027" asserts="0" success="True" result="Success" executed="True" />
                      <test-case description="[ Get-DattoAPIKey ] contains a note" name="Testing the [ built ] version of [ DattoAPI ] with [ HelpComment.Tests.ps1 ].[ DattoAPI ] module help tests.[ Get-DattoAPIKey ].[ Get-DattoAPIKey ] contains a note" time="0.0021" asserts="0" success="True" result="Success" executed="True" />
                      <test-case description="[ Get-DattoAPIKey ] contains a link" name="Testing the [ built ] version of [ DattoAPI ] with [ HelpComment.Tests.ps1 ].[ DattoAPI ] module help tests.[ Get-DattoAPIKey ].[ Get-DattoAPIKey ] contains a link" time="0.0021" asserts="0" success="True" result="Success" executed="True" />
                      <test-suite type="ParameterizedTest" name="Testing the [ built ] version of [ DattoAPI ] with [ HelpComment.Tests.ps1 ].[ DattoAPI ] module help tests.[ Get-DattoAPIKey ].[ Get-DattoAPIKey ] - Parameter has a description - [ &lt;_.name&gt; ]" executed="True" result="Success" success="True" time="0.0061" asserts="0" description="[ Get-DattoAPIKey ] - Parameter has a description - [ &lt;_.name&gt; ]">
                        <results>
                          <test-case description="[ Get-DattoAPIKey ] - Parameter has a description - [ plainText ]" name="Testing the [ built ] version of [ DattoAPI ] with [ HelpComment.Tests.ps1 ].[ DattoAPI ] module help tests.[ Get-DattoAPIKey ].[ Get-DattoAPIKey ] - Parameter has a description - [ plainText ]" time="0.0061" asserts="0" success="True" result="Success" executed="True" />
                        </results>
                      </test-suite>
                      <test-suite type="ParameterizedTest" name="Testing the [ built ] version of [ DattoAPI ] with [ HelpComment.Tests.ps1 ].[ DattoAPI ] module help tests.[ Get-DattoAPIKey ].[ Get-DattoAPIKey ] - Example has example code &amp; description   - [ &lt;_.title -replace '-'.''&gt; ]" executed="True" result="Success" success="True" time="0.0055" asserts="0" description="[ Get-DattoAPIKey ] - Example has example code &amp; description   - [ &lt;_.title -replace '-'.''&gt; ]">
                        <results>
                          <test-case description="[ Get-DattoAPIKey ] - Example has example code &amp; description   - [  EXAMPLE 1  ]" name="Testing the [ built ] version of [ DattoAPI ] with [ HelpComment.Tests.ps1 ].[ DattoAPI ] module help tests.[ Get-DattoAPIKey ].[ Get-DattoAPIKey ] - Example has example code &amp; description   - [  EXAMPLE 1  ]" time="0.0028" asserts="0" success="True" result="Success" executed="True" />
                          <test-case description="[ Get-DattoAPIKey ] - Example has example code &amp; description   - [  EXAMPLE 2  ]" name="Testing the [ built ] version of [ DattoAPI ] with [ HelpComment.Tests.ps1 ].[ DattoAPI ] module help tests.[ Get-DattoAPIKey ].[ Get-DattoAPIKey ] - Example has example code &amp; description   - [  EXAMPLE 2  ]" time="0.0027" asserts="0" success="True" result="Success" executed="True" />
                        </results>
                      </test-suite>
                    </results>
                  </test-suite>
                </results>
              </test-suite>
              <test-suite type="TestFixture" name="Testing the [ built ] version of [ DattoAPI ] with [ HelpComment.Tests.ps1 ].[ DattoAPI ] module help tests" executed="True" result="Success" success="True" time="0.3674" asserts="0" description="Testing the [ built ] version of [ DattoAPI ] with [ HelpComment.Tests.ps1 ].[ DattoAPI ] module help tests">
                <results>
                  <test-suite type="TestFixture" name="Testing the [ built ] version of [ DattoAPI ] with [ HelpComment.Tests.ps1 ].[ DattoAPI ] module help tests.[ Get-DattoApplication ]" executed="True" result="Success" success="True" time="0.0267" asserts="0" description="Testing the [ built ] version of [ DattoAPI ] with [ HelpComment.Tests.ps1 ].[ DattoAPI ] module help tests.[ Get-DattoApplication ]">
                    <results>
                      <test-case description="[ Get-DattoApplication ] contains comment based help" name="Testing the [ built ] version of [ DattoAPI ] with [ HelpComment.Tests.ps1 ].[ DattoAPI ] module help tests.[ Get-DattoApplication ].[ Get-DattoApplication ] contains comment based help" time="0.0023" asserts="0" success="True" result="Success" executed="True" />
                      <test-case description="[ Get-DattoApplication ] contains a synopsis" name="Testing the [ built ] version of [ DattoAPI ] with [ HelpComment.Tests.ps1 ].[ DattoAPI ] module help tests.[ Get-DattoApplication ].[ Get-DattoApplication ] contains a synopsis" time="0.0024" asserts="0" success="True" result="Success" executed="True" />
                      <test-case description="[ Get-DattoApplication ] contains a description" name="Testing the [ built ] version of [ DattoAPI ] with [ HelpComment.Tests.ps1 ].[ DattoAPI ] module help tests.[ Get-DattoApplication ].[ Get-DattoApplication ] contains a description" time="0.0021" asserts="0" success="True" result="Success" executed="True" />
                      <test-case description="[ Get-DattoApplication ] contains at least one usage example" name="Testing the [ built ] version of [ DattoAPI ] with [ HelpComment.Tests.ps1 ].[ DattoAPI ] module help tests.[ Get-DattoApplication ].[ Get-DattoApplication ] contains at least one usage example" time="0.0026" asserts="0" success="True" result="Success" executed="True" />
                      <test-case description="[ Get-DattoApplication ] contains a note" name="Testing the [ built ] version of [ DattoAPI ] with [ HelpComment.Tests.ps1 ].[ DattoAPI ] module help tests.[ Get-DattoApplication ].[ Get-DattoApplication ] contains a note" time="0.006" asserts="0" success="True" result="Success" executed="True" />
                      <test-case description="[ Get-DattoApplication ] contains a link" name="Testing the [ built ] version of [ DattoAPI ] with [ HelpComment.Tests.ps1 ].[ DattoAPI ] module help tests.[ Get-DattoApplication ].[ Get-DattoApplication ] contains a link" time="0.0021" asserts="0" success="True" result="Success" executed="True" />
                      <test-suite type="ParameterizedTest" name="Testing the [ built ] version of [ DattoAPI ] with [ HelpComment.Tests.ps1 ].[ DattoAPI ] module help tests.[ Get-DattoApplication ].[ Get-DattoApplication ] - Parameter has a description - [ &lt;_.name&gt; ]" executed="True" result="Success" success="True" time="0.0022" asserts="0" description="[ Get-DattoApplication ] - Parameter has a description - [ &lt;_.name&gt; ]">
                        <results>
                          <test-case description="[ Get-DattoApplication ] - Parameter has a description - [ saasCustomerId ]" name="Testing the [ built ] version of [ DattoAPI ] with [ HelpComment.Tests.ps1 ].[ DattoAPI ] module help tests.[ Get-DattoApplication ].[ Get-DattoApplication ] - Parameter has a description - [ saasCustomerId ]" time="0.0022" asserts="0" success="True" result="Success" executed="True" />
                        </results>
                      </test-suite>
                      <test-suite type="ParameterizedTest" name="Testing the [ built ] version of [ DattoAPI ] with [ HelpComment.Tests.ps1 ].[ DattoAPI ] module help tests.[ Get-DattoApplication ].[ Get-DattoApplication ] - Example has example code &amp; description   - [ &lt;_.title -replace '-'.''&gt; ]" executed="True" result="Success" success="True" time="0.0028" asserts="0" description="[ Get-DattoApplication ] - Example has example code &amp; description   - [ &lt;_.title -replace '-'.''&gt; ]">
                        <results>
                          <test-case description="[ Get-DattoApplication ] - Example has example code &amp; description   - [  EXAMPLE 1  ]" name="Testing the [ built ] version of [ DattoAPI ] with [ HelpComment.Tests.ps1 ].[ DattoAPI ] module help tests.[ Get-DattoApplication ].[ Get-DattoApplication ] - Example has example code &amp; description   - [  EXAMPLE 1  ]" time="0.0028" asserts="0" success="True" result="Success" executed="True" />
                        </results>
                      </test-suite>
                    </results>
                  </test-suite>
                </results>
              </test-suite>
              <test-suite type="TestFixture" name="Testing the [ built ] version of [ DattoAPI ] with [ HelpComment.Tests.ps1 ].[ DattoAPI ] module help tests" executed="True" result="Success" success="True" time="0.4067" asserts="0" description="Testing the [ built ] version of [ DattoAPI ] with [ HelpComment.Tests.ps1 ].[ DattoAPI ] module help tests">
                <results>
                  <test-suite type="TestFixture" name="Testing the [ built ] version of [ DattoAPI ] with [ HelpComment.Tests.ps1 ].[ DattoAPI ] module help tests.[ Get-DattoAsset ]" executed="True" result="Success" success="True" time="0.0359" asserts="0" description="Testing the [ built ] version of [ DattoAPI ] with [ HelpComment.Tests.ps1 ].[ DattoAPI ] module help tests.[ Get-DattoAsset ]">
                    <results>
                      <test-case description="[ Get-DattoAsset ] contains comment based help" name="Testing the [ built ] version of [ DattoAPI ] with [ HelpComment.Tests.ps1 ].[ DattoAPI ] module help tests.[ Get-DattoAsset ].[ Get-DattoAsset ] contains comment based help" time="0.0023" asserts="0" success="True" result="Success" executed="True" />
                      <test-case description="[ Get-DattoAsset ] contains a synopsis" name="Testing the [ built ] version of [ DattoAPI ] with [ HelpComment.Tests.ps1 ].[ DattoAPI ] module help tests.[ Get-DattoAsset ].[ Get-DattoAsset ] contains a synopsis" time="0.0021" asserts="0" success="True" result="Success" executed="True" />
                      <test-case description="[ Get-DattoAsset ] contains a description" name="Testing the [ built ] version of [ DattoAPI ] with [ HelpComment.Tests.ps1 ].[ DattoAPI ] module help tests.[ Get-DattoAsset ].[ Get-DattoAsset ] contains a description" time="0.0021" asserts="0" success="True" result="Success" executed="True" />
                      <test-case description="[ Get-DattoAsset ] contains at least one usage example" name="Testing the [ built ] version of [ DattoAPI ] with [ HelpComment.Tests.ps1 ].[ DattoAPI ] module help tests.[ Get-DattoAsset ].[ Get-DattoAsset ] contains at least one usage example" time="0.0067" asserts="0" success="True" result="Success" executed="True" />
                      <test-case description="[ Get-DattoAsset ] contains a note" name="Testing the [ built ] version of [ DattoAPI ] with [ HelpComment.Tests.ps1 ].[ DattoAPI ] module help tests.[ Get-DattoAsset ].[ Get-DattoAsset ] contains a note" time="0.0021" asserts="0" success="True" result="Success" executed="True" />
                      <test-case description="[ Get-DattoAsset ] contains a link" name="Testing the [ built ] version of [ DattoAPI ] with [ HelpComment.Tests.ps1 ].[ DattoAPI ] module help tests.[ Get-DattoAsset ].[ Get-DattoAsset ] contains a link" time="0.0021" asserts="0" success="True" result="Success" executed="True" />
                      <test-suite type="ParameterizedTest" name="Testing the [ built ] version of [ DattoAPI ] with [ HelpComment.Tests.ps1 ].[ DattoAPI ] module help tests.[ Get-DattoAsset ].[ Get-DattoAsset ] - Parameter has a description - [ &lt;_.name&gt; ]" executed="True" result="Success" success="True" time="0.0088" asserts="0" description="[ Get-DattoAsset ] - Parameter has a description - [ &lt;_.name&gt; ]">
                        <results>
                          <test-case description="[ Get-DattoAsset ] - Parameter has a description - [ serialNumber ]" name="Testing the [ built ] version of [ DattoAPI ] with [ HelpComment.Tests.ps1 ].[ DattoAPI ] module help tests.[ Get-DattoAsset ].[ Get-DattoAsset ] - Parameter has a description - [ serialNumber ]" time="0.0023" asserts="0" success="True" result="Success" executed="True" />
                          <test-case description="[ Get-DattoAsset ] - Parameter has a description - [ page ]" name="Testing the [ built ] version of [ DattoAPI ] with [ HelpComment.Tests.ps1 ].[ DattoAPI ] module help tests.[ Get-DattoAsset ].[ Get-DattoAsset ] - Parameter has a description - [ page ]" time="0.0022" asserts="0" success="True" result="Success" executed="True" />
                          <test-case description="[ Get-DattoAsset ] - Parameter has a description - [ perPage ]" name="Testing the [ built ] version of [ DattoAPI ] with [ HelpComment.Tests.ps1 ].[ DattoAPI ] module help tests.[ Get-DattoAsset ].[ Get-DattoAsset ] - Parameter has a description - [ perPage ]" time="0.0022" asserts="0" success="True" result="Success" executed="True" />
                          <test-case description="[ Get-DattoAsset ] - Parameter has a description - [ allPages ]" name="Testing the [ built ] version of [ DattoAPI ] with [ HelpComment.Tests.ps1 ].[ DattoAPI ] module help tests.[ Get-DattoAsset ].[ Get-DattoAsset ] - Parameter has a description - [ allPages ]" time="0.0022" asserts="0" success="True" result="Success" executed="True" />
                        </results>
                      </test-suite>
                      <test-suite type="ParameterizedTest" name="Testing the [ built ] version of [ DattoAPI ] with [ HelpComment.Tests.ps1 ].[ DattoAPI ] module help tests.[ Get-DattoAsset ].[ Get-DattoAsset ] - Example has example code &amp; description   - [ &lt;_.title -replace '-'.''&gt; ]" executed="True" result="Success" success="True" time="0.0054" asserts="0" description="[ Get-DattoAsset ] - Example has example code &amp; description   - [ &lt;_.title -replace '-'.''&gt; ]">
                        <results>
                          <test-case description="[ Get-DattoAsset ] - Example has example code &amp; description   - [  EXAMPLE 1  ]" name="Testing the [ built ] version of [ DattoAPI ] with [ HelpComment.Tests.ps1 ].[ DattoAPI ] module help tests.[ Get-DattoAsset ].[ Get-DattoAsset ] - Example has example code &amp; description   - [  EXAMPLE 1  ]" time="0.0027" asserts="0" success="True" result="Success" executed="True" />
                          <test-case description="[ Get-DattoAsset ] - Example has example code &amp; description   - [  EXAMPLE 2  ]" name="Testing the [ built ] version of [ DattoAPI ] with [ HelpComment.Tests.ps1 ].[ DattoAPI ] module help tests.[ Get-DattoAsset ].[ Get-DattoAsset ] - Example has example code &amp; description   - [  EXAMPLE 2  ]" time="0.0027" asserts="0" success="True" result="Success" executed="True" />
                        </results>
                      </test-suite>
                    </results>
                  </test-suite>
                </results>
              </test-suite>
              <test-suite type="TestFixture" name="Testing the [ built ] version of [ DattoAPI ] with [ HelpComment.Tests.ps1 ].[ DattoAPI ] module help tests" executed="True" result="Ignored" success="True" time="0.4422" asserts="0" description="Testing the [ built ] version of [ DattoAPI ] with [ HelpComment.Tests.ps1 ].[ DattoAPI ] module help tests">
                <results>
                  <test-suite type="TestFixture" name="Testing the [ built ] version of [ DattoAPI ] with [ HelpComment.Tests.ps1 ].[ DattoAPI ] module help tests.[ Get-DattoBaseURI ]" executed="True" result="Ignored" success="True" time="0.0288" asserts="0" description="Testing the [ built ] version of [ DattoAPI ] with [ HelpComment.Tests.ps1 ].[ DattoAPI ] module help tests.[ Get-DattoBaseURI ]">
                    <results>
                      <test-case description="[ Get-DattoBaseURI ] contains comment based help" name="Testing the [ built ] version of [ DattoAPI ] with [ HelpComment.Tests.ps1 ].[ DattoAPI ] module help tests.[ Get-DattoBaseURI ].[ Get-DattoBaseURI ] contains comment based help" time="0.0024" asserts="0" success="True" result="Success" executed="True" />
                      <test-case description="[ Get-DattoBaseURI ] contains a synopsis" name="Testing the [ built ] version of [ DattoAPI ] with [ HelpComment.Tests.ps1 ].[ DattoAPI ] module help tests.[ Get-DattoBaseURI ].[ Get-DattoBaseURI ] contains a synopsis" time="0.0021" asserts="0" success="True" result="Success" executed="True" />
                      <test-case description="[ Get-DattoBaseURI ] contains a description" name="Testing the [ built ] version of [ DattoAPI ] with [ HelpComment.Tests.ps1 ].[ DattoAPI ] module help tests.[ Get-DattoBaseURI ].[ Get-DattoBaseURI ] contains a description" time="0.0021" asserts="0" success="True" result="Success" executed="True" />
                      <test-case description="[ Get-DattoBaseURI ] contains at least one usage example" name="Testing the [ built ] version of [ DattoAPI ] with [ HelpComment.Tests.ps1 ].[ DattoAPI ] module help tests.[ Get-DattoBaseURI ].[ Get-DattoBaseURI ] contains at least one usage example" time="0.0026" asserts="0" success="True" result="Success" executed="True" />
                      <test-case description="[ Get-DattoBaseURI ] contains a note" name="Testing the [ built ] version of [ DattoAPI ] with [ HelpComment.Tests.ps1 ].[ DattoAPI ] module help tests.[ Get-DattoBaseURI ].[ Get-DattoBaseURI ] contains a note" time="0.0021" asserts="0" success="True" result="Success" executed="True" />
                      <test-case description="[ Get-DattoBaseURI ] contains a link" name="Testing the [ built ] version of [ DattoAPI ] with [ HelpComment.Tests.ps1 ].[ DattoAPI ] module help tests.[ Get-DattoBaseURI ].[ Get-DattoBaseURI ] contains a link" time="0.0021" asserts="0" success="True" result="Success" executed="True" />
                      <test-case description="[ Get-DattoBaseURI ] - Parameter has a description -" name="Testing the [ built ] version of [ DattoAPI ] with [ HelpComment.Tests.ps1 ].[ DattoAPI ] module help tests.[ Get-DattoBaseURI ].[ Get-DattoBaseURI ] - Parameter has a description -" time="0.0033" asserts="0" success="False" result="Ignored" executed="False" />
                      <test-suite type="ParameterizedTest" name="Testing the [ built ] version of [ DattoAPI ] with [ HelpComment.Tests.ps1 ].[ DattoAPI ] module help tests.[ Get-DattoBaseURI ].[ Get-DattoBaseURI ] - Example has example code &amp; description   - [ &lt;_.title -replace '-'.''&gt; ]" executed="True" result="Success" success="True" time="0.0077" asserts="0" description="[ Get-DattoBaseURI ] - Example has example code &amp; description   - [ &lt;_.title -replace '-'.''&gt; ]">
                        <results>
                          <test-case description="[ Get-DattoBaseURI ] - Example has example code &amp; description   - [  EXAMPLE 1  ]" name="Testing the [ built ] version of [ DattoAPI ] with [ HelpComment.Tests.ps1 ].[ DattoAPI ] module help tests.[ Get-DattoBaseURI ].[ Get-DattoBaseURI ] - Example has example code &amp; description   - [  EXAMPLE 1  ]" time="0.0077" asserts="0" success="True" result="Success" executed="True" />
                        </results>
                      </test-suite>
                    </results>
                  </test-suite>
                </results>
              </test-suite>
[...]
                <results>
                  <test-case description="[ Add-DattoAPIKey ] should have an alias of [ Set-DattoAPIKey ]" name="Testing the [ built ] version of [ Add-DattoAPIKey ] functions with [ Add-DattoAPIKey.Tests.ps1 ].[ Add-DattoAPIKey ] testing functions.[ Add-DattoAPIKey ] should have an alias of [ Set-DattoAPIKey ]" time="0.0028" asserts="0" success="True" result="Success" executed="True" />
                  <test-case description="The Datto_Public_Key variable should initially be empty or null" name="Testing the [ built ] version of [ Add-DattoAPIKey ] functions with [ Add-DattoAPIKey.Tests.ps1 ].[ Add-DattoAPIKey ] testing functions.The Datto_Public_Key variable should initially be empty or null" time="0.011" asserts="0" success="False" result="Failure" executed="True">
                    <failure>
                      <message>Expected $null or empty, but got '2b94b3'.</message>
                      <stack-trace>at $Datto_Public_Key | Should -BeNullOrEmpty, C:\Celerium\Projects\_API\Datto-PowerShellWrapper\Tests\Private\apiKeys\Add-DattoAPIKey.Tests.ps1:125
at &lt;ScriptBlock&gt;, C:\Celerium\Projects\_API\Datto-PowerShellWrapper\Tests\Private\apiKeys\Add-DattoAPIKey.Tests.ps1:125</stack-trace>
                    </failure>
                  </test-case>
                  <test-case description="The Datto_Secret_Key variable should initially be empty or null" name="Testing the [ built ] version of [ Add-DattoAPIKey ] functions with [ Add-DattoAPIKey.Tests.ps1 ].[ Add-DattoAPIKey ] testing functions.The Datto_Secret_Key variable should initially be empty or null" time="0.0025" asserts="0" success="True" result="Success" executed="True" />
                  <test-case description="[ -Api_Key_Secret ] should accept a value from the pipeline" name="Testing the [ built ] version of [ Add-DattoAPIKey ] functions with [ Add-DattoAPIKey.Tests.ps1 ].[ Add-DattoAPIKey ] testing functions.[ -Api_Key_Secret ] should accept a value from the pipeline" time="0.0026" asserts="0" success="True" result="Success" executed="True" />
                  <test-case description="When both parameters [ -Api_Key_Public ] &amp; [ -Api_Key_Secret ] are called they should not return empty" name="Testing the [ built ] version of [ Add-DattoAPIKey ] functions with [ Add-DattoAPIKey.Tests.ps1 ].[ Add-DattoAPIKey ] testing functions.When both parameters [ -Api_Key_Public ] &amp; [ -Api_Key_Secret ] are called they should not return empty" time="0.0028" asserts="0" success="True" result="Success" executed="True" />
                </results>
              </test-suite>
            </results>
          </test-suite>
        </results>
      </test-suite>
      <test-suite type="TestFixture" name="C:\Celerium\Projects\_API\Datto-PowerShellWrapper\Tests\Private\apiKeys\Get-DattoAPIKey.Tests.ps1" executed="True" result="Success" success="True" time="0.0799" asserts="0" description="C:\Celerium\Projects\_API\Datto-PowerShellWrapper\Tests\Private\apiKeys\Get-DattoAPIKey.Tests.ps1">
        <results>
          <test-suite type="TestFixture" name="Testing [ Get-DattoAPIKey ] function with [ Get-DattoAPIKey.Tests.ps1 ]" executed="True" result="Success" success="True" time="0.0328" asserts="0" description="Testing [ Get-DattoAPIKey ] function with [ Get-DattoAPIKey.Tests.ps1 ]">
            <results>
              <test-suite type="TestFixture" name="Testing [ Get-DattoAPIKey ] function with [ Get-DattoAPIKey.Tests.ps1 ].[ Get-DattoAPIKey ] testing function" executed="True" result="Success" success="True" time="0.0236" asserts="0" description="Testing [ Get-DattoAPIKey ] function with [ Get-DattoAPIKey.Tests.ps1 ].[ Get-DattoAPIKey ] testing function">
                <results>
                  <test-case description="When both parameters [ -Api_Key_Public ] &amp; [ -Api_Key_Secret ] are called they should not return empty" name="Testing [ Get-DattoAPIKey ] function with [ Get-DattoAPIKey.Tests.ps1 ].[ Get-DattoAPIKey ] testing function.When both parameters [ -Api_Key_Public ] &amp; [ -Api_Key_Secret ] are called they should not return empty" time="0.0033" asserts="0" success="True" result="Success" executed="True" />
                  <test-case description="Pipeline  - [ -Api_Key_Public ] should return a string" name="Testing [ Get-DattoAPIKey ] function with [ Get-DattoAPIKey.Tests.ps1 ].[ Get-DattoAPIKey ] testing function.Pipeline  - [ -Api_Key_Public ] should return a string" time="0.0028" asserts="0" success="True" result="Success" executed="True" />
                  <test-case description="Pipeline  - [ -Api_Key_Secret ] should return a secure string" name="Testing [ Get-DattoAPIKey ] function with [ Get-DattoAPIKey.Tests.ps1 ].[ Get-DattoAPIKey ] testing function.Pipeline  - [ -Api_Key_Secret ] should return a secure string" time="0.003" asserts="0" success="True" result="Success" executed="True" />
                  <test-case description="Parameter - [ -Api_Key_Public ] should return a string" name="Testing [ Get-DattoAPIKey ] function with [ Get-DattoAPIKey.Tests.ps1 ].[ Get-DattoAPIKey ] testing function.Parameter - [ -Api_Key_Public ] should return a string" time="0.0027" asserts="0" success="True" result="Success" executed="True" />
                  <test-case description="Parameter - [ -Api_Key_Secret ] should return a secure string" name="Testing [ Get-DattoAPIKey ] function with [ Get-DattoAPIKey.Tests.ps1 ].[ Get-DattoAPIKey ] testing function.Parameter - [ -Api_Key_Secret ] should return a secure string" time="0.0026" asserts="0" success="True" result="Success" executed="True" />
                  <test-case description="Using [ -plainText ] should return [ -Api_Key_Secret ] as a string" name="Testing [ Get-DattoAPIKey ] function with [ Get-DattoAPIKey.Tests.ps1 ].[ Get-DattoAPIKey ] testing function.Using [ -plainText ] should return [ -Api_Key_Secret ] as a string" time="0.0025" asserts="0" success="True" result="Success" executed="True" />
                  <test-case description="If [ -Api_Key_Secret ] is empty it should throw a warning" name="Testing [ Get-DattoAPIKey ] function with [ Get-DattoAPIKey.Tests.ps1 ].[ Get-DattoAPIKey ] testing function.If [ -Api_Key_Secret ] is empty it should throw a warning" time="0.0025" asserts="0" success="True" result="Success" executed="True" />
                </results>
              </test-suite>
            </results>
          </test-suite>
        </results>
      </test-suite>
      <test-suite type="TestFixture" name="C:\Celerium\Projects\_API\Datto-PowerShellWrapper\Tests\Private\apiKeys\Remove-DattoAPIKey.Tests.ps1" executed="True" result="Success" success="True" time="0.0726" asserts="0" description="C:\Celerium\Projects\_API\Datto-PowerShellWrapper\Tests\Private\apiKeys\Remove-DattoAPIKey.Tests.ps1">
        <results>
          <test-suite type="TestFixture" name="Testing [ Remove-DattoAPIKey ] function with [ Remove-DattoAPIKey.Tests.ps1 ]" executed="True" result="Success" success="True" time="0.0258" asserts="0" description="Testing [ Remove-DattoAPIKey ] function with [ Remove-DattoAPIKey.Tests.ps1 ]">
            <results>
              <test-suite type="TestFixture" name="Testing [ Remove-DattoAPIKey ] function with [ Remove-DattoAPIKey.Tests.ps1 ].[ Remove-DattoAPIKey ] testing function" executed="True" result="Success" success="True" time="0.0222" asserts="0" description="Testing [ Remove-DattoAPIKey ] function with [ Remove-DattoAPIKey.Tests.ps1 ].[ Remove-DattoAPIKey ] testing function">
                <results>
                  <test-case description="Running [ Remove-DattoAPIKey ] should remove all apiKey variables" name="Testing [ Remove-DattoAPIKey ] function with [ Remove-DattoAPIKey.Tests.ps1 ].[ Remove-DattoAPIKey ] testing function.Running [ Remove-DattoAPIKey ] should remove all apiKey variables" time="0.0038" asserts="0" success="True" result="Success" executed="True" />
                  <test-case description="If the [ Datto_Public_Key ] is already empty a warning should be thrown" name="Testing [ Remove-DattoAPIKey ] function with [ Remove-DattoAPIKey.Tests.ps1 ].[ Remove-DattoAPIKey ] testing function.If the [ Datto_Public_Key ] is already empty a warning should be thrown" time="0.003" asserts="0" success="True" result="Success" executed="True" />
                  <test-case description="If the [ Datto_Secret_Key ] is already empty a warning should be thrown" name="Testing [ Remove-DattoAPIKey ] function with [ Remove-DattoAPIKey.Tests.ps1 ].[ Remove-DattoAPIKey ] testing function.If the [ Datto_Secret_Key ] is already empty a warning should be thrown" time="0.0031" asserts="0" success="True" result="Success" executed="True" />
                  <test-case description="If the apiKeys are already gone two warnings should be thrown" name="Testing [ Remove-DattoAPIKey ] function with [ Remove-DattoAPIKey.Tests.ps1 ].[ Remove-DattoAPIKey ] testing function.If the apiKeys are already gone two warnings should be thrown" time="0.0045" asserts="0" success="True" result="Success" executed="True" />
                </results>
              </test-suite>
            </results>
          </test-suite>
        </results>
      </test-suite>
      <test-suite type="TestFixture" name="C:\Celerium\Projects\_API\Datto-PowerShellWrapper\Tests\Private\apiKeys\Test-DattoAPIKey.Tests.ps1" executed="True" result="Success" success="True" time="0.1675" asserts="0" description="C:\Celerium\Projects\_API\Datto-PowerShellWrapper\Tests\Private\apiKeys\Test-DattoAPIKey.Tests.ps1">
        <results>
          <test-suite type="TestFixture" name="Testing [ Test-DattoAPIKey ] function with [ Test-DattoAPIKey.Tests.ps1 ]" executed="True" result="Success" success="True" time="0.1227" asserts="0" description="Testing [ Test-DattoAPIKey ] function with [ Test-DattoAPIKey.Tests.ps1 ]">
            <results>
              <test-suite type="TestFixture" name="Testing [ Test-DattoAPIKey ] function with [ Test-DattoAPIKey.Tests.ps1 ].[ Test-DattoAPIKey ] testing function" executed="True" result="Success" success="True" time="0.1191" asserts="0" description="Testing [ Test-DattoAPIKey ] function with [ Test-DattoAPIKey.Tests.ps1 ].[ Test-DattoAPIKey ] testing function">
                <results>
                  <test-case description="[ Test-DattoAPIKey ] with a bad API key should fail to authenticate" name="Testing [ Test-DattoAPIKey ] function with [ Test-DattoAPIKey.Tests.ps1 ].[ Test-DattoAPIKey ] testing function.[ Test-DattoAPIKey ] with a bad API key should fail to authenticate" time="0.1114" asserts="0" success="True" result="Success" executed="True" />
                </results>
              </test-suite>
            </results>
          </test-suite>
        </results>
      </test-suite>
      <test-suite type="TestFixture" name="C:\Celerium\Projects\_API\Datto-PowerShellWrapper\Tests\Private\baseUri\Add-DattoBaseURI.Tests.ps1" executed="True" result="Success" success="True" time="0.0873" asserts="0" description="C:\Celerium\Projects\_API\Datto-PowerShellWrapper\Tests\Private\baseUri\Add-DattoBaseURI.Tests.ps1">
        <results>
          <test-suite type="TestFixture" name="Testing [ Add-DattoBaseURI ] functions with [ Add-DattoBaseURI.Tests.ps1 ]" executed="True" result="Success" success="True" time="0.0373" asserts="0" description="Testing [ Add-DattoBaseURI ] functions with [ Add-DattoBaseURI.Tests.ps1 ]">
            <results>
              <test-suite type="TestFixture" name="Testing [ Add-DattoBaseURI ] functions with [ Add-DattoBaseURI.Tests.ps1 ].[ Add-DattoBaseURI ] testing functions" executed="True" result="Success" success="True" time="0.0339" asserts="0" description="Testing [ Add-DattoBaseURI ] functions with [ Add-DattoBaseURI.Tests.ps1 ].[ Add-DattoBaseURI ] testing functions">
                <results>
                  <test-case description="[ Add-DattoBaseURI ] should have an alias of [ Set-DattoBaseURI ]" name="Testing [ Add-DattoBaseURI ] functions with [ Add-DattoBaseURI.Tests.ps1 ].[ Add-DattoBaseURI ] testing functions.[ Add-DattoBaseURI ] should have an alias of [ Set-DattoBaseURI ]" time="0.0028" asserts="0" success="True" result="Success" executed="True" />
                  <test-case description="Without parameters should return the default URI" name="Testing [ Add-DattoBaseURI ] functions with [ Add-DattoBaseURI.Tests.ps1 ].[ Add-DattoBaseURI ] testing functions.Without parameters should return the default URI" time="0.0029" asserts="0" success="True" result="Success" executed="True" />
                  <test-case description="Should accept a value from the pipeline" name="Testing [ Add-DattoBaseURI ] functions with [ Add-DattoBaseURI.Tests.ps1 ].[ Add-DattoBaseURI ] testing functions.Should accept a value from the pipeline" time="0.0106" asserts="0" success="True" result="Success" executed="True" />
                  <test-case description="With parameter -base_uri  should return what was inputted" name="Testing [ Add-DattoBaseURI ] functions with [ Add-DattoBaseURI.Tests.ps1 ].[ Add-DattoBaseURI ] testing functions.With parameter -base_uri  should return what was inputted" time="0.0026" asserts="0" success="True" result="Success" executed="True" />
                  <test-case description="With parameter -data_center US should return the default URI" name="Testing [ Add-DattoBaseURI ] functions with [ Add-DattoBaseURI.Tests.ps1 ].[ Add-DattoBaseURI ] testing functions.With parameter -data_center US should return the default URI" time="0.0026" asserts="0" success="True" result="Success" executed="True" />
                  <test-case description="With invalid parameter value -data_center Space should return an error" name="Testing [ Add-DattoBaseURI ] functions with [ Add-DattoBaseURI.Tests.ps1 ].[ Add-DattoBaseURI ] testing functions.With invalid parameter value -data_center Space should return an error" time="0.0037" asserts="0" success="True" result="Success" executed="True" />
                  <test-case description="The default URI should NOT contain a trailing forward slash" name="Testing [ Add-DattoBaseURI ] functions with [ Add-DattoBaseURI.Tests.ps1 ].[ Add-DattoBaseURI ] testing functions.The default URI should NOT contain a trailing forward slash" time="0.0024" asserts="0" success="True" result="Success" executed="True" />
                  <test-case description="A custom URI should NOT contain a trailing forward slash" name="Testing [ Add-DattoBaseURI ] functions with [ Add-DattoBaseURI.Tests.ps1 ].[ Add-DattoBaseURI ] testing functions.A custom URI should NOT contain a trailing forward slash" time="0.0023" asserts="0" success="True" result="Success" executed="True" />
                </results>
              </test-suite>
            </results>
          </test-suite>
        </results>
      </test-suite>
      <test-suite type="TestFixture" name="C:\Celerium\Projects\_API\Datto-PowerShellWrapper\Tests\Private\baseUri\Get-DattoBaseURI.Tests.ps1" executed="True" result="Success" success="True" time="0.0813" asserts="0" description="C:\Celerium\Projects\_API\Datto-PowerShellWrapper\Tests\Private\baseUri\Get-DattoBaseURI.Tests.ps1">
        <results>
          <test-suite type="TestFixture" name="Testing [ Get-DattoBaseURI ] function with [ Get-DattoBaseURI.Tests.ps1 ]" executed="True" result="Success" success="True" time="0.0257" asserts="0" description="Testing [ Get-DattoBaseURI ] function with [ Get-DattoBaseURI.Tests.ps1 ]">
            <results>
              <test-suite type="TestFixture" name="Testing [ Get-DattoBaseURI ] function with [ Get-DattoBaseURI.Tests.ps1 ].[ Get-DattoBaseURI ] testing function" executed="True" result="Success" success="True" time="0.022" asserts="0" description="Testing [ Get-DattoBaseURI ] function with [ Get-DattoBaseURI.Tests.ps1 ].[ Get-DattoBaseURI ] testing function">
                <results>
                  <test-case description="The default URI should be returned" name="Testing [ Get-DattoBaseURI ] function with [ Get-DattoBaseURI.Tests.ps1 ].[ Get-DattoBaseURI ] testing function.The default URI should be returned" time="0.0073" asserts="0" success="True" result="Success" executed="True" />
                  <test-case description="The URI should be a string" name="Testing [ Get-DattoBaseURI ] function with [ Get-DattoBaseURI.Tests.ps1 ].[ Get-DattoBaseURI ] testing function.The URI should be a string" time="0.0026" asserts="0" success="True" result="Success" executed="True" />
                  <test-case description="The default URI should NOT contain a trailing forward slash" name="Testing [ Get-DattoBaseURI ] function with [ Get-DattoBaseURI.Tests.ps1 ].[ Get-DattoBaseURI ] testing function.The default URI should NOT contain a trailing forward slash" time="0.0027" asserts="0" success="True" result="Success" executed="True" />
                  <test-case description="A custom URI should NOT contain a trailing forward slash" name="Testing [ Get-DattoBaseURI ] function with [ Get-DattoBaseURI.Tests.ps1 ].[ Get-DattoBaseURI ] testing function.A custom URI should NOT contain a trailing forward slash" time="0.0028" asserts="0" success="True" result="Success" executed="True" />
                  <test-case description="If the baseUri is not set a warning should be thrown" name="Testing [ Get-DattoBaseURI ] function with [ Get-DattoBaseURI.Tests.ps1 ].[ Get-DattoBaseURI ] testing function.If the baseUri is not set a warning should be thrown" time="0.0025" asserts="0" success="True" result="Success" executed="True" />
                </results>
              </test-suite>
            </results>
          </test-suite>
        </results>
      </test-suite>
      <test-suite type="TestFixture" name="C:\Celerium\Projects\_API\Datto-PowerShellWrapper\Tests\Private\baseUri\Remove-DattoBaseURI.Tests.ps1" executed="True" result="Success" success="True" time="0.0649" asserts="0" description="C:\Celerium\Projects\_API\Datto-PowerShellWrapper\Tests\Private\baseUri\Remove-DattoBaseURI.Tests.ps1">
        <results>
          <test-suite type="TestFixture" name="Testing [ Remove-DattoBaseURI ] function with [ Remove-DattoBaseURI.Tests.ps1 ]" executed="True" result="Success" success="True" time="0.0127" asserts="0" description="Testing [ Remove-DattoBaseURI ] function with [ Remove-DattoBaseURI.Tests.ps1 ]">
            <results>
              <test-suite type="TestFixture" name="Testing [ Remove-DattoBaseURI ] function with [ Remove-DattoBaseURI.Tests.ps1 ].[ Remove-DattoBaseURI ] testing function" executed="True" result="Success" success="True" time="0.0091" asserts="0" description="Testing [ Remove-DattoBaseURI ] function with [ Remove-DattoBaseURI.Tests.ps1 ].[ Remove-DattoBaseURI ] testing function">
                <results>
                  <test-case description="The baseUri variable should not longer exist" name="Testing [ Remove-DattoBaseURI ] function with [ Remove-DattoBaseURI.Tests.ps1 ].[ Remove-DattoBaseURI ] testing function.The baseUri variable should not longer exist" time="0.0029" asserts="0" success="True" result="Success" executed="True" />
                  <test-case description="If the baseUri is already gone a warning should be thrown" name="Testing [ Remove-DattoBaseURI ] function with [ Remove-DattoBaseURI.Tests.ps1 ].[ Remove-DattoBaseURI ] testing function.If the baseUri is already gone a warning should be thrown" time="0.0025" asserts="0" success="True" result="Success" executed="True" />
                </results>
              </test-suite>
            </results>
          </test-suite>
        </results>
      </test-suite>
    </results>
  </test-suite>
</test-results>